G:\Users\yjhuang\Documents\GitHub\Ultrasound_online_software\Video_play\Video_play\Debug\cl.command.1.tlog
G:\Users\yjhuang\Documents\GitHub\Ultrasound_online_software\Video_play\Video_play\Debug\CL.read.1.tlog
G:\Users\yjhuang\Documents\GitHub\Ultrasound_online_software\Video_play\Video_play\Debug\CL.write.1.tlog
G:\Users\yjhuang\Documents\GitHub\Ultrasound_online_software\Video_play\Video_play\Debug\custombuild.command.1.tlog
G:\Users\yjhuang\Documents\GitHub\Ultrasound_online_software\Video_play\Video_play\Debug\custombuild.read.1.tlog
G:\Users\yjhuang\Documents\GitHub\Ultrasound_online_software\Video_play\Video_play\Debug\custombuild.write.1.tlog
G:\USERS\YJHUANG\DOCUMENTS\GITHUB\ULTRASOUND_ONLINE_SOFTWARE\VIDEO_PLAY\VIDEO_PLAY\DEBUG\FEATUREPAREMETERS.OBJ
G:\USERS\YJHUANG\DOCUMENTS\GITHUB\ULTRASOUND_ONLINE_SOFTWARE\VIDEO_PLAY\VIDEO_PLAY\DEBUG\MAIN.OBJ
G:\USERS\YJHUANG\DOCUMENTS\GITHUB\ULTRASOUND_ONLINE_SOFTWARE\VIDEO_PLAY\VIDEO_PLAY\DEBUG\MOC_FEATUREPAREMETERS.OBJ
G:\USERS\YJHUANG\DOCUMENTS\GITHUB\ULTRASOUND_ONLINE_SOFTWARE\VIDEO_PLAY\VIDEO_PLAY\DEBUG\MOC_PLAYER.OBJ
G:\USERS\YJHUANG\DOCUMENTS\GITHUB\ULTRASOUND_ONLINE_SOFTWARE\VIDEO_PLAY\VIDEO_PLAY\DEBUG\MOC_VIDEO_PLAY.OBJ
G:\USERS\YJHUANG\DOCUMENTS\GITHUB\ULTRASOUND_ONLINE_SOFTWARE\VIDEO_PLAY\VIDEO_PLAY\DEBUG\PLAYER.OBJ
G:\USERS\YJHUANG\DOCUMENTS\GITHUB\ULTRASOUND_ONLINE_SOFTWARE\VIDEO_PLAY\VIDEO_PLAY\DEBUG\SVM.OBJ
G:\Users\yjhuang\Documents\GitHub\Ultrasound_online_software\Video_play\Video_play\Debug\vc100.pdb
G:\USERS\YJHUANG\DOCUMENTS\GITHUB\ULTRASOUND_ONLINE_SOFTWARE\VIDEO_PLAY\VIDEO_PLAY\DEBUG\VIDEO_PLAY.OBJ
G:\Users\yjhuang\Documents\GitHub\Ultrasound_online_software\Video_play\Video_play\Debug\Video_play.write.1.tlog
G:\USERS\YJHUANG\DOCUMENTS\GITHUB\ULTRASOUND_ONLINE_SOFTWARE\VIDEO_PLAY\VIDEO_PLAY\GENERATEDFILES\DEBUG\MOC_FEATUREPAREMETERS.CPP
G:\USERS\YJHUANG\DOCUMENTS\GITHUB\ULTRASOUND_ONLINE_SOFTWARE\VIDEO_PLAY\VIDEO_PLAY\GENERATEDFILES\DEBUG\MOC_PLAYER.CPP
G:\USERS\YJHUANG\DOCUMENTS\GITHUB\ULTRASOUND_ONLINE_SOFTWARE\VIDEO_PLAY\VIDEO_PLAY\GENERATEDFILES\DEBUG\MOC_VIDEO_PLAY.CPP
G:\USERS\YJHUANG\DOCUMENTS\GITHUB\ULTRASOUND_ONLINE_SOFTWARE\VIDEO_PLAY\VIDEO_PLAY\GENERATEDFILES\QRC_VIDEO_PLAY.CPP
G:\USERS\YJHUANG\DOCUMENTS\GITHUB\ULTRASOUND_ONLINE_SOFTWARE\VIDEO_PLAY\VIDEO_PLAY\GENERATEDFILES\UI_FEATUREPAREMETERS.H
G:\USERS\YJHUANG\DOCUMENTS\GITHUB\ULTRASOUND_ONLINE_SOFTWARE\VIDEO_PLAY\VIDEO_PLAY\GENERATEDFILES\UI_VIDEO_PLAY.H
