生成启动时间为 2016/1/18 17:55:12。
     1>项目“G:\Users\yjhuang\documents\visual studio 2010\Projects\Video_play\Video_play\Video_play.vcxproj”在节点 2 上(build 个目标)。
     1>InitializeBuildStatus:
         正在创建“Debug\Video_play.unsuccessfulbuild”，因为已指定“AlwaysCreate”。
       CustomBuild:
         Uic'ing featureparemeters.ui...
       ClCompile:
         d:\Program Files\VC\VC\bin\CL.exe /c /I.\GeneratedFiles /I. /IC:\QT\5.5\msvc2010\include /I.\GeneratedFiles\Debug /IC:\QT\5.5\msvc2010\include\QtCore /IC:\QT\5.5\msvc2010\include\QtGui /IC:\QT\5.5\msvc2010\include\QtMultimediaWidgets /IC:\QT\5.5\msvc2010\include\QtWidgets /Zi /nologo /W1 /WX- /Od /Oy- /D UNICODE /D WIN32 /D WIN64 /D QT_DLL /D QT_CORE_LIB /D QT_GUI_LIB /D QT_MULTIMEDIAWIDGETS_LIB /D QT_WIDGETS_LIB /Gm- /EHsc /MDd /GS /fp:precise /Zc:wchar_t /Zc:forScope /Fo"Debug\\" /Fd"Debug\vc100.pdb" /Gd /TP /analyze- /errorReport:prompt GeneratedFiles\Debug\moc_featureparemeters.cpp featureparemeters.cpp video_play.cpp
         moc_featureparemeters.cpp
         featureparemeters.cpp
         video_play.cpp
     1>C:\program file\opencv\build\include\opencv2/core/mat.hpp(1413): warning C4819: 该文件包含不能在当前代码页(936)中表示的字符。请将该文件保存为 Unicode 格式以防止数据丢失
     1>C:\program file\opencv\build\include\opencv2/core/mat.hpp(1413): warning C4819: 该文件包含不能在当前代码页(936)中表示的字符。请将该文件保存为 Unicode 格式以防止数据丢失
         正在生成代码...
         所有输出均为最新。
       Link:
         d:\Program Files\VC\VC\bin\link.exe /ERRORREPORT:PROMPT /OUT:"G:\Users\yjhuang\documents\visual studio 2010\Projects\Video_play\Win32\Debug\\Video_play.exe" /NOLOGO /LIBPATH:C:\QT\5.5\msvc2010\lib qtmaind.lib Qt5Cored.lib Qt5Guid.lib Qt5MultimediaWidgetsd.lib Qt5Widgetsd.lib opencv_ts300.lib opencv_world300.lib opencv_ts300d.lib opencv_world300d.lib kernel32.lib user32.lib gdi32.lib winspool.lib comdlg32.lib advapi32.lib shell32.lib ole32.lib oleaut32.lib uuid.lib odbc32.lib odbccp32.lib /MANIFEST /ManifestFile:"Debug\Video_play.exe.intermediate.manifest" /MANIFESTUAC:"level='asInvoker' uiAccess='false'" /DEBUG /PDB:"G:\Users\yjhuang\documents\visual studio 2010\Projects\Video_play\Win32\Debug\Video_play.pdb" /SUBSYSTEM:WINDOWS /TLBID:1 /DYNAMICBASE /NXCOMPAT /IMPLIB:"G:\Users\yjhuang\documents\visual studio 2010\Projects\Video_play\Win32\Debug\Video_play.lib" /MACHINE:X86 Debug\featureparemeters.obj
         Debug\moc_featureparemeters.obj
         Debug\moc_player.obj
         Debug\moc_video_play.obj
         Debug\qrc_video_play.obj
         Debug\main.obj
         Debug\player.obj
         Debug\video_play.obj
         LINK : 没有找到 G:\Users\yjhuang\documents\visual studio 2010\Projects\Video_play\Win32\Debug\\Video_play.exe 或上一个增量链接没有生成它；正在执行完全链接
         Video_play.vcxproj -> G:\Users\yjhuang\documents\visual studio 2010\Projects\Video_play\Win32\Debug\Video_play.exe
       Manifest:
         G:\Program Files (x86)\Microsoft SDKs\Windows\v7.0A\bin\mt.exe /nologo /verbose /outputresource:"G:\Users\yjhuang\documents\visual studio 2010\Projects\Video_play\Win32\Debug\\Video_play.exe;#1" /manifest Debug\Video_play.exe.intermediate.manifest
       FinalizeBuildStatus:
         正在删除文件“Debug\Video_play.unsuccessfulbuild”。
         正在对“Debug\Video_play.lastbuildstate”执行 Touch 任务。
     1>已完成生成项目“G:\Users\yjhuang\documents\visual studio 2010\Projects\Video_play\Video_play\Video_play.vcxproj”(build 个目标)的操作。

生成成功。

已用时间 00:00:02.91
